<?xml version="1.0" encoding="UTF-8"?>
<!-- Generated by org.testng.reporters.JUnitReportReporter -->
<testsuite hostname="Anchal" failures="0" tests="1" name="day2_110925.parent" time="5.564" errors="0" timestamp="2025-09-11T08:20:46 IST" skipped="0">
  <testcase classname="day2_110925.parent" name="launchBrowser" time="5.564"/>
</testsuite> <!-- day2_110925.parent -->
