<?xml version="1.0" encoding="UTF-8"?>
<!-- Generated by org.testng.reporters.JUnitReportReporter -->
<testsuite hostname="Anchal" failures="0" tests="2" name="day1_100925.AnnotationsDemo" time="0.014" errors="0" timestamp="2025-09-10T08:12:53 IST" skipped="0">
  <testcase classname="day1_100925.AnnotationsDemo" name="T1" time="0.012"/>
  <testcase classname="day1_100925.AnnotationsDemo" name="T2" time="0.002"/>
</testsuite> <!-- day1_100925.AnnotationsDemo -->
