<?xml version="1.0" encoding="UTF-8"?>
<!-- Generated by org.testng.reporters.JUnitReportReporter -->
<testsuite hostname="Anchal" failures="0" tests="1" name="day4_180925.GroupsDemo" time="0.012" errors="0" timestamp="2025-09-19T07:40:55 IST" skipped="0">
  <testcase classname="day4_180925.GroupsDemo" name="test4" time="0.012"/>
</testsuite> <!-- day4_180925.GroupsDemo -->
