<?xml version="1.0" encoding="UTF-8"?>
<!-- Generated by org.testng.reporters.JUnitReportReporter -->
<testsuite hostname="Anchal" failures="0" tests="3" name="day3_170925.DataProviderDemo" time="22.434" errors="0" timestamp="2025-09-17T08:17:46 IST" skipped="0">
  <testcase classname="day3_170925.DataProviderDemo" name="searchMobile" time="6.918"/>
  <testcase classname="day3_170925.DataProviderDemo" name="searchMobile" time="8.592"/>
  <testcase classname="day3_170925.DataProviderDemo" name="searchMobile" time="6.924"/>
</testsuite> <!-- day3_170925.DataProviderDemo -->
