<?xml version="1.0" encoding="UTF-8"?>
<!-- Generated by org.testng.reporters.JUnitReportReporter -->
<testsuite hostname="Anchal" failures="0" tests="1" name="day4_180925.GroupsDemo" time="0.005" errors="0" timestamp="2025-10-13T19:56:23 IST" skipped="0">
  <testcase classname="day4_180925.GroupsDemo" name="test4" time="0.005"/>
</testsuite> <!-- day4_180925.GroupsDemo -->
